Running: D:\xilinx\14.2\ISE_DS\ISE\bin\nt64\unwrapped\fuse.exe -intstyle ise -incremental -lib unisims_ver -lib unimacro_ver -lib xilinxcorelib_ver -o F:/document/SJTU/course/computer_architecture/experiment/workshop/lmc/lab4/register/test_for_register_isim_beh.exe -prj F:/document/SJTU/course/computer_architecture/experiment/workshop/lmc/lab4/register/test_for_register_beh.prj work.test_for_register work.glbl 
ISim P.28xd (signature 0xa0883be4)
Number of CPUs detected in this system: 8
Turning on mult-threading, number of parallel sub-compilation jobs: 16 
Determining compilation order of HDL files
Analyzing Verilog file "F:/document/SJTU/course/computer_architecture/experiment/workshop/lmc/lab4/register/register.v" into library work
Analyzing Verilog file "F:/document/SJTU/course/computer_architecture/experiment/workshop/lmc/lab4/register/test_for_register.v" into library work
Analyzing Verilog file "D:/xilinx/14.2/ISE_DS/ISE//verilog/src/glbl.v" into library work
Starting static elaboration
WARNING:HDLCompiler:1016 - "F:/document/SJTU/course/computer_architecture/experiment/workshop/lmc/lab4/register/test_for_register.v" Line 40: Port reset is not connected to this instance
Completed static elaboration
Compiling module register
Compiling module test_for_register
Compiling module glbl
Time Resolution for simulation is 1ps.
Waiting for 1 sub-compilation(s) to finish...
Compiled 3 Verilog Units
Built simulation executable F:/document/SJTU/course/computer_architecture/experiment/workshop/lmc/lab4/register/test_for_register_isim_beh.exe
Fuse Memory Usage: 29980 KB
Fuse CPU Usage: 826 ms
