Command line:
   top_isim_beh.exe
     -simmode  gui
     -simrunnum  0
     -socket  23741

Mon Apr 03 00:53:14 2017


 Elaboration Time: 0.0936 sec

 Current Memory Usage: 509.546 Meg

 Total Signals          : 76
 Total Nets             : 362
 Total Signal Drivers   : 27
 Total Blocks           : 12
 Total Primitive Blocks : 11
 Total Processes        : 44
 Total Traceable Variables  : 48
 Total Scalar Nets and Variables : 14192
Total Line Count : 208

 Total Simulation Time: 0.156 sec

 Current Memory Usage: 509.546 Meg

Mon Apr 03 00:53:22 2017

